<?xml version="1.0" encoding="UTF-8"?>
<!-- Generated by org.testng.reporters.JUnitReportReporter -->
<testsuite hostname="Druschyts" failures="0" tests="1" name="by.stormnet.web.OnlinerPhoensTest" time="4.984" errors="0" timestamp="2020-01-21T16:26:06 MSK" skipped="0">
  <testcase classname="by.stormnet.web.OnlinerPhoensTest" name="checkPhonesTest" time="4.984"/>
</testsuite> <!-- by.stormnet.web.OnlinerPhoensTest -->
