<?xml version="1.0" encoding="UTF-8"?>
<!-- Generated by org.testng.reporters.JUnitReportReporter -->
<testsuite hostname="Druschyts" failures="0" tests="1" name="by.stormnet.web.OnlinerBarSaleRoomTest" time="14.191" errors="0" timestamp="2020-01-21T19:34:34 MSK" skipped="0">
  <testcase classname="by.stormnet.web.OnlinerBarSaleRoomTest" name="checkBarSaleRoomTest" time="14.191"/>
</testsuite> <!-- by.stormnet.web.OnlinerBarSaleRoomTest -->
