<?xml version="1.0" encoding="UTF-8"?>
<!-- Generated by org.testng.reporters.JUnitReportReporter -->
<testsuite hostname="Druschyts" failures="0" tests="1" name="by.stormnet.web.OnlinerTiresTest" time="4.151" errors="0" timestamp="2020-01-21T16:26:06 MSK" skipped="0">
  <testcase classname="by.stormnet.web.OnlinerTiresTest" name="checkTiresTest" time="4.151"/>
</testsuite> <!-- by.stormnet.web.OnlinerTiresTest -->
