<?xml version="1.0" encoding="UTF-8"?>
<!-- Generated by org.testng.reporters.JUnitReportReporter -->
<testsuite hostname="Druschyts" failures="0" tests="1" name="by.stormnet.web.OnlinerBarAppleTest" time="11.058" errors="0" timestamp="2020-01-21T19:34:34 MSK" skipped="0">
  <testcase classname="by.stormnet.web.OnlinerBarAppleTest" name="checkBarAppleTest" time="11.058"/>
</testsuite> <!-- by.stormnet.web.OnlinerBarAppleTest -->
