<?xml version="1.0" encoding="UTF-8"?>
<!-- Generated by org.testng.reporters.JUnitReportReporter -->
<testsuite hostname="Druschyts" failures="0" tests="1" name="by.stormnet.web.OnlinerVideoCardsTest" time="3.679" errors="0" timestamp="2020-01-21T16:26:06 MSK" skipped="0">
  <testcase classname="by.stormnet.web.OnlinerVideoCardsTest" name="checkVideoCardsTest" time="3.679"/>
</testsuite> <!-- by.stormnet.web.OnlinerVideoCardsTest -->
