<?xml version="1.0" encoding="UTF-8"?>
<!-- Generated by org.testng.reporters.JUnitReportReporter -->
<testsuite hostname="Druschyts" failures="0" tests="1" name="by.stormnet.web.OnlinerCheckCartTest" time="2.985" errors="0" timestamp="2020-01-21T19:34:34 MSK" skipped="0">
  <testcase classname="by.stormnet.web.OnlinerCheckCartTest" name="checkCartTest" time="2.985"/>
</testsuite> <!-- by.stormnet.web.OnlinerCheckCartTest -->
